Build started 19/10/2021 16:47:55.
Logging verbosity is set to: Normal.     1>Project "P:\C\parsers\cmdline\cmdline.vcxproj" on node 2 (Rebuild target(s)).
     1>_PrepareForClean:
         Deleting file "x64\Debug\cmdline.tlog\cmdline.lastbuildstate".
       InitializeBuildStatus:
         Touching "x64\Debug\cmdline.tlog\unsuccessfulbuild".
       ClCompile:
         C:\Program Files (x86)\Microsoft Visual Studio\2019\Community\VC\Tools\MSVC\14.29.30133\bin\HostX86\x64\CL.exe /c /ZI /JMC /nologo /W3 /WX- /diagnostics:column /sdl /Od /D _DEBUG /D _LIB /D _UNICODE /D UNICODE /Gm- /EHsc /RTC1 /MDd /GS /fp:precise /permissive- /Zc:wchar_t /Zc:forScope /Zc:inline /std:c++20 /Fo"x64\Debug\\" /Fd"P:\C\parsers\x64\Debug\cmdline.pdb" /external:W3 /Gd /TP /FC /errorReport:prompt commandline.cpp parameter_tree.cpp tools.cpp validations.cpp
         commandline.cpp
     1>C:\Program Files (x86)\Microsoft Visual Studio\2019\Community\VC\Tools\MSVC\14.29.30133\include\xmemory(710,18): error C2672: 'std::construct_at': no matching overloaded function found
       C:\Program Files (x86)\Microsoft Visual Studio\2019\Community\VC\Tools\MSVC\14.29.30133\include\xtree(811): message : see reference to function template instantiation 'void std::_Default_allocator_traits<_Alloc>::construct<_Ty,char&>(_Alloc &,_Objty *const ,char &)' being compiled
                 with
                 [
                     _Alloc=std::allocator<std::_Tree_node<std::pair<char *const ,char *>,std::_Default_allocator_traits<std::allocator<std::pair<char *const ,char *>>>::void_pointer>>,
                     _Ty=std::pair<char *const ,char *>,
                     _Objty=std::pair<char *const ,char *>
                 ]
       C:\Program Files (x86)\Microsoft Visual Studio\2019\Community\VC\Tools\MSVC\14.29.30133\include\xtree(812): message : see reference to function template instantiation 'void std::_Default_allocator_traits<_Alloc>::construct<_Ty,char&>(_Alloc &,_Objty *const ,char &)' being compiled
                 with
                 [
                     _Alloc=std::allocator<std::_Tree_node<std::pair<char *const ,char *>,std::_Default_allocator_traits<std::allocator<std::pair<char *const ,char *>>>::void_pointer>>,
                     _Ty=std::pair<char *const ,char *>,
                     _Objty=std::pair<char *const ,char *>
                 ]
       C:\Program Files (x86)\Microsoft Visual Studio\2019\Community\VC\Tools\MSVC\14.29.30133\include\xtree(1051): message : see reference to function template instantiation 'std::_Tree_temp_node<std::allocator<std::_Tree_node<std::pair<char *const ,char *>,std::_Default_allocator_traits<_Alloc>::void_pointer>>>::_Tree_temp_node<char&>(_Alnode &,std::_Tree_node<std::pair<char *const ,char *>,std::_Default_allocator_traits<_Alloc>::void_pointer> *,char &)' being compiled
                 with
                 [
                     _Alloc=std::allocator<std::pair<char *const ,char *>>,
                     _Alnode=std::allocator<std::_Tree_node<std::pair<char *const ,char *>,std::_Default_allocator_traits<std::allocator<std::pair<char *const ,char *>>>::void_pointer>>
                 ]
       C:\Program Files (x86)\Microsoft Visual Studio\2019\Community\VC\Tools\MSVC\14.29.30133\include\xtree(1066): message : see reference to function template instantiation 'std::_Tree_temp_node<std::allocator<std::_Tree_node<std::pair<char *const ,char *>,std::_Default_allocator_traits<_Alloc>::void_pointer>>>::_Tree_temp_node<char&>(_Alnode &,std::_Tree_node<std::pair<char *const ,char *>,std::_Default_allocator_traits<_Alloc>::void_pointer> *,char &)' being compiled
                 with
                 [
                     _Alloc=std::allocator<std::pair<char *const ,char *>>,
                     _Alnode=std::allocator<std::_Tree_node<std::pair<char *const ,char *>,std::_Default_allocator_traits<std::allocator<std::pair<char *const ,char *>>>::void_pointer>>
                 ]
       C:\Program Files (x86)\Microsoft Visual Studio\2019\Community\VC\Tools\MSVC\14.29.30133\include\xtree(1279): message : see reference to function template instantiation 'std::_Tree_node<std::pair<char *const ,char *>,std::_Default_allocator_traits<_Alloc>::void_pointer> *std::_Tree<std::_Tmap_traits<_Kty,_Ty,_Pr,_Alloc,false>>::_Emplace_hint<char&>(std::_Tree_node<std::pair<char *const ,char *>,std::_Default_allocator_traits<_Alloc>::void_pointer> *const ,char &)' being compiled
                 with
                 [
                     _Alloc=std::allocator<std::pair<char *const ,char *>>,
                     _Kty=char *,
                     _Ty=char *,
                     _Pr=std::less<char *>
                 ]
       C:\Program Files (x86)\Microsoft Visual Studio\2019\Community\VC\Tools\MSVC\14.29.30133\include\xtree(1279): message : see reference to function template instantiation 'std::_Tree_node<std::pair<char *const ,char *>,std::_Default_allocator_traits<_Alloc>::void_pointer> *std::_Tree<std::_Tmap_traits<_Kty,_Ty,_Pr,_Alloc,false>>::_Emplace_hint<char&>(std::_Tree_node<std::pair<char *const ,char *>,std::_Default_allocator_traits<_Alloc>::void_pointer> *const ,char &)' being compiled
                 with
                 [
                     _Alloc=std::allocator<std::pair<char *const ,char *>>,
                     _Kty=char *,
                     _Ty=char *,
                     _Pr=std::less<char *>
                 ]
       P:\C\parsers\cmdline\commandline.hpp(26): message : see reference to function template instantiation 'void std::_Tree<std::_Tmap_traits<_Kty,_Ty,_Pr,_Alloc,false>>::insert<char*>(_Iter,_Iter)' being compiled
                 with
                 [
                     _Kty=char *,
                     _Ty=char *,
                     _Pr=std::less<char *>,
                     _Alloc=std::allocator<std::pair<char *const ,char *>>,
                     _Iter=char *
                 ]
       P:\C\parsers\cmdline\commandline.hpp(26): message : see reference to function template instantiation 'void std::_Tree<std::_Tmap_traits<_Kty,_Ty,_Pr,_Alloc,false>>::insert<char*>(_Iter,_Iter)' being compiled
                 with
                 [
                     _Kty=char *,
                     _Ty=char *,
                     _Pr=std::less<char *>,
                     _Alloc=std::allocator<std::pair<char *const ,char *>>,
                     _Iter=char *
                 ]
     1>C:\Program Files (x86)\Microsoft Visual Studio\2019\Community\VC\Tools\MSVC\14.29.30133\include\xmemory(710,18): error C2783: '_Ty *std::construct_at(_Ty *const ,_Types &&...) noexcept(<expr>)': could not deduce template argument for '<unnamed-symbol>'
       C:\Program Files (x86)\Microsoft Visual Studio\2019\Community\VC\Tools\MSVC\14.29.30133\include\xutility(142): message : see declaration of 'std::construct_at'
     1>C:\Program Files (x86)\Microsoft Visual Studio\2019\Community\VC\Tools\MSVC\14.29.30133\include\xmemory(714,47): error C2665: 'std::pair<char *const ,char *>::pair': none of the 2 overloads could convert all the argument types
       C:\Program Files (x86)\Microsoft Visual Studio\2019\Community\VC\Tools\MSVC\14.29.30133\include\utility(213,5): message : could be 'std::pair<char *const ,char *>::pair(std::pair<char *const ,char *> &&)'
       C:\Program Files (x86)\Microsoft Visual Studio\2019\Community\VC\Tools\MSVC\14.29.30133\include\utility(212,5): message : or       'std::pair<char *const ,char *>::pair(const std::pair<char *const ,char *> &)'
       C:\Program Files (x86)\Microsoft Visual Studio\2019\Community\VC\Tools\MSVC\14.29.30133\include\xmemory(707,1): message : while trying to match the argument list '(char)'
         parameter_tree.cpp
         tools.cpp
     1>P:\C\parsers\cmdline\cmdline.h(28,77): error C2039: 'getOption': is not a member of 'cmdline::CommandLine'
       P:\C\parsers\cmdline\commandline.hpp(13): message : see declaration of 'cmdline::CommandLine'
       P:\C\parsers\cmdline\cmdline.h(28,26): message : This diagnostic occurred in the compiler generated function 'T cmdline::CmdLine::getOption(char *)'
     1>P:\C\parsers\cmdline\cmdline.h(29,77): error C2039: 'getOption': is not a member of 'cmdline::CommandLine'
       P:\C\parsers\cmdline\commandline.hpp(13): message : see declaration of 'cmdline::CommandLine'
       P:\C\parsers\cmdline\cmdline.h(29,26): message : This diagnostic occurred in the compiler generated function 'T cmdline::CmdLine::getOption(std::string)'
         validations.cpp
         Generating Code...
     1>Done Building Project "P:\C\parsers\cmdline\cmdline.vcxproj" (Rebuild target(s)) -- FAILED.

Build FAILED.

       "P:\C\parsers\cmdline\cmdline.vcxproj" (Rebuild target) (1) ->
       (ClCompile target) -> 
         C:\Program Files (x86)\Microsoft Visual Studio\2019\Community\VC\Tools\MSVC\14.29.30133\include\xmemory(710,18): error C2672: 'std::construct_at': no matching overloaded function found
         C:\Program Files (x86)\Microsoft Visual Studio\2019\Community\VC\Tools\MSVC\14.29.30133\include\xmemory(710,18): error C2783: '_Ty *std::construct_at(_Ty *const ,_Types &&...) noexcept(<expr>)': could not deduce template argument for '<unnamed-symbol>'
         C:\Program Files (x86)\Microsoft Visual Studio\2019\Community\VC\Tools\MSVC\14.29.30133\include\xmemory(714,47): error C2665: 'std::pair<char *const ,char *>::pair': none of the 2 overloads could convert all the argument types
         P:\C\parsers\cmdline\cmdline.h(28,77): error C2039: 'getOption': is not a member of 'cmdline::CommandLine'
         P:\C\parsers\cmdline\cmdline.h(29,77): error C2039: 'getOption': is not a member of 'cmdline::CommandLine'

    0 Warning(s)
    5 Error(s)

Time Elapsed 00:00:02.11
